current directory: /home/recreation/project/simple-x/ruby/3.3.0/gems/psych-5.1.2/ext/psych
/home/recreation/.rvm/rubies/ruby-3.3.0/bin/ruby extconf.rb
checking for pkg-config for yaml-0.1... [" ", "", "-lyaml"]
checking for yaml.h... yes
checking for yaml_get_version() in -lyaml... yes
creating Makefile

current directory: /home/recreation/project/simple-x/ruby/3.3.0/gems/psych-5.1.2/ext/psych
make DESTDIR\= sitearchdir\=./.gem.20241011-17332-akx6cx sitelibdir\=./.gem.20241011-17332-akx6cx clean
cd libyaml && make clean
/bin/sh: 1: cd: can't cd to libyaml
make: [Makefile:283: clean-so] Error 2 (ignored)

current directory: /home/recreation/project/simple-x/ruby/3.3.0/gems/psych-5.1.2/ext/psych
make DESTDIR\= sitearchdir\=./.gem.20241011-17332-akx6cx sitelibdir\=./.gem.20241011-17332-akx6cx
compiling psych.c
compiling psych_emitter.c
compiling psych_parser.c
compiling psych_to_ruby.c
compiling psych_yaml_tree.c
linking shared-object psych.so

current directory: /home/recreation/project/simple-x/ruby/3.3.0/gems/psych-5.1.2/ext/psych
make DESTDIR\= sitearchdir\=./.gem.20241011-17332-akx6cx sitelibdir\=./.gem.20241011-17332-akx6cx install
/usr/bin/install -m 0755 psych.so ./.gem.20241011-17332-akx6cx

current directory: /home/recreation/project/simple-x/ruby/3.3.0/gems/psych-5.1.2/ext/psych
make DESTDIR\= sitearchdir\=./.gem.20241011-17332-akx6cx sitelibdir\=./.gem.20241011-17332-akx6cx clean
cd libyaml && make clean
/bin/sh: 1: cd: can't cd to libyaml
make: [Makefile:283: clean-so] Error 2 (ignored)
