current directory: /home/recreation/project/simple-x/ruby/3.3.0/gems/date-3.3.4/ext/date
/home/recreation/.rvm/rubies/ruby-3.3.0/bin/ruby extconf.rb
checking for rb_category_warn()... yes
checking for timezone in time.h with  -Werror... yes
checking for altzone in time.h with  -Werror... no
creating Makefile

current directory: /home/recreation/project/simple-x/ruby/3.3.0/gems/date-3.3.4/ext/date
make DESTDIR\= sitearchdir\=./.gem.20241011-17332-6rnncq sitelibdir\=./.gem.20241011-17332-6rnncq clean

current directory: /home/recreation/project/simple-x/ruby/3.3.0/gems/date-3.3.4/ext/date
make DESTDIR\= sitearchdir\=./.gem.20241011-17332-6rnncq sitelibdir\=./.gem.20241011-17332-6rnncq
compiling date_core.c
compiling date_parse.c
compiling date_strftime.c
compiling date_strptime.c
linking shared-object date_core.so

current directory: /home/recreation/project/simple-x/ruby/3.3.0/gems/date-3.3.4/ext/date
make DESTDIR\= sitearchdir\=./.gem.20241011-17332-6rnncq sitelibdir\=./.gem.20241011-17332-6rnncq install
/usr/bin/install -m 0755 date_core.so ./.gem.20241011-17332-6rnncq

current directory: /home/recreation/project/simple-x/ruby/3.3.0/gems/date-3.3.4/ext/date
make DESTDIR\= sitearchdir\=./.gem.20241011-17332-6rnncq sitelibdir\=./.gem.20241011-17332-6rnncq clean
